############## NVIDIA-SMI #####################
Fri Feb 24 17:03:06 2023       
+-----------------------------------------------------------------------------+
| NVIDIA-SMI 460.106.00   Driver Version: 460.106.00   CUDA Version: 11.2     |
|-------------------------------+----------------------+----------------------+
| GPU  Name        Persistence-M| Bus-Id        Disp.A | Volatile Uncorr. ECC |
| Fan  Temp  Perf  Pwr:Usage/Cap|         Memory-Usage | GPU-Util  Compute M. |
|                               |                      |               MIG M. |
|===============================+======================+======================|
|   0  GRID A100-3-20C     On   | 00000000:02:01.0 Off |                   On |
| N/A   N/A    P0    N/A /  N/A |   2236MiB / 20475MiB |     N/A      Default |
|                               |                      |              Enabled |
+-------------------------------+----------------------+----------------------+

+-----------------------------------------------------------------------------+
| MIG devices:                                                                |
+------------------+----------------------+-----------+-----------------------+
| GPU  GI  CI  MIG |         Memory-Usage |        Vol|         Shared        |
|      ID  ID  Dev |           BAR1-Usage | SM     Unc| CE  ENC  DEC  OFA  JPG|
|                  |                      |        ECC|                       |
|==================+======================+===========+=======================|
|  0    0   0   0  |   2236MiB / 20475MiB | 42      0 |  3   0    2    0    0 |
|                  |      5MiB /  4096MiB |           |                       |
+------------------+----------------------+-----------+-----------------------+
                                                                               
+-----------------------------------------------------------------------------+
| Processes:                                                                  |
|  GPU   GI   CI        PID   Type   Process name                  GPU Memory |
|        ID   ID                                                   Usage      |
|=============================================================================|
|    0    0    0       5900      C   ./self_play                       428MiB |
+-----------------------------------------------------------------------------+
############## FREE  #####################
               total        used        free      shared  buff/cache   available
Mem:              47           0          44           0           1          45
Swap:              0           0           0
